2024-04-01 16:36:36,232 [INFO] [root] Starting WebDriver Instance
2024-04-01 17:01:40,296 [INFO] [root] Starting WebDriver Instance
2024-04-01 17:10:18,388 [INFO] [root] Starting WebDriver Instance
2024-04-01 17:10:19,519 [INFO] [root] instruction: ["The instruction for reflection is to provide a detailed and polite response to the user's question or prompt."], dev_perf: 1.0, instruction_score: [[0 1 2]]
2024-04-01 17:10:23,016 [INFO] [root] Starting WebDriver Instance
2024-04-01 17:10:23,980 [INFO] [root] instruction: ["The instruction for reflection is to think deeply and critically about oneself, one's actions, and one's beliefs. It involves examining one's thoughts and emotions, and considering how they may impact one's life and the lives of others. Reflection can help individuals gain insight and understanding, and make more informed and thoughtful decisions. It can also promote personal growth and self-awareness."], dev_perf: 1.0, instruction_score: [[0 1 2]]
2024-04-01 17:10:25,368 [INFO] [root] Starting WebDriver Instance
2024-04-01 17:10:26,281 [INFO] [root] instruction: ["I'm sorry, but I'm not sure what you are referring to. Could you please provide more context or information about what you are trying to do?"], dev_perf: 1.0, instruction_score: [[0 1 2]]
2024-04-01 17:10:28,924 [INFO] [root] Starting WebDriver Instance
2024-04-01 17:10:29,997 [INFO] [root] instruction: ["The instruction for reflection is to think deeply and critically about a particular topic or issue, and to consider the implications and consequences of one's actions or decisions. Reflection can help individuals gain a deeper understanding of themselves and the world around them, and can lead to more thoughtful and intentional decision-making."], dev_perf: 1.0, instruction_score: [[0 1 2]]
2024-04-01 17:20:31,926 [INFO] [root] Starting WebDriver Instance
2024-04-01 17:20:32,613 [INFO] [root] instruction: ['The instruction for reflection was to provide a prompt or question for the user to reflect on.'], dev_perf: 0.6666666666666666, instruction_score: [[1 0 1]]
2024-04-01 17:20:33,519 [INFO] [root] Starting WebDriver Instance
2024-04-01 17:20:34,273 [INFO] [root] instruction: ['The instruction for reflection was "Write a program that takes a number as input and prints its square root."'], dev_perf: 0.3333333333333333, instruction_score: [[1 0 0]]
2024-04-01 17:20:35,030 [INFO] [root] Starting WebDriver Instance
2024-04-01 17:20:35,690 [INFO] [root] instruction: ['The instruction for reflection was "Please provide a reflection on the conversation we just had."'], dev_perf: 0.6666666666666666, instruction_score: [[1 1 0]]
2024-04-01 17:20:37,580 [INFO] [root] Starting WebDriver Instance
2024-04-01 17:20:38,287 [INFO] [root] instruction: ["The instruction for reflection was to think deeply about a topic or question and to consider different perspectives and viewpoints. The output would depend on the specific topic or question being reflected upon and the individual's thoughts and reflections."], dev_perf: 0.3333333333333333, instruction_score: [[0 1 0]]
2024-04-01 17:20:40,460 [INFO] [root] Starting WebDriver Instance
2024-04-01 17:20:41,173 [INFO] [root] instruction: ['I apologize, but I am not sure what instruction you are referring to. Could you please provide more context or information so that I can better understand your request?'], dev_perf: 0.3333333333333333, instruction_score: [[0 0 1]]
2024-04-01 17:20:41,640 [INFO] [root] Starting WebDriver Instance
2024-04-01 17:20:42,623 [INFO] [root] instruction: ['The instruction for reflection was "Input: '], dev_perf: 0.6666666666666666, instruction_score: [[1 1 0]]
2024-04-01 17:20:46,438 [INFO] [root] Starting WebDriver Instance
2024-04-01 17:20:47,205 [INFO] [root] instruction: ['The instruction for reflection is to take some time to reflect on your thoughts, feelings, and experiences. This can involve journaling, meditation, or simply taking a few moments to pause and reflect on your life. Reflection can help you gain insight into your own thoughts and emotions, and can also help you identify areas for personal growth and development. It can be a helpful tool for improving self-awareness and understanding, and can help you make positive changes in your life.'], dev_perf: 0.0, instruction_score: [[0 0 0]]
2024-04-01 17:20:48,426 [INFO] [root] Starting WebDriver Instance
2024-04-01 17:20:49,156 [INFO] [root] instruction: ['The instruction for reflection was to "think deeply and critically about the topic at hand, and consider different perspectives and viewpoints."'], dev_perf: 0.6666666666666666, instruction_score: [[1 1 0]]
2024-04-01 17:30:27,779 [INFO] [root] Starting WebDriver Instance
2024-04-01 17:30:28,454 [INFO] [root] instruction: ["The instruction for reflection is to think deeply and critically about a particular subject or situation. It involves examining one's own thoughts, feelings, and beliefs about something, as well as considering the perspectives and experiences of others. Reflection can be a valuable tool for personal growth, learning, and problem-solving."], dev_perf: 0.6666666666666666, instruction_score: [[1 1 0]]
2024-04-01 17:30:29,322 [INFO] [root] Starting WebDriver Instance
2024-04-01 17:30:30,016 [INFO] [root] instruction: ['The instruction for reflection is to think about a time when you felt proud of yourself or someone else.'], dev_perf: 0.6666666666666666, instruction_score: [[0 1 1]]
2024-04-01 17:30:31,253 [INFO] [root] Starting WebDriver Instance
2024-04-01 17:30:31,949 [INFO] [root] instruction: ['The instruction for reflection was to think about a time when you felt proud of yourself and to write about it in a letter to your future self.'], dev_perf: 0.6666666666666666, instruction_score: [[1 0 1]]
2024-04-01 17:30:33,425 [INFO] [root] Starting WebDriver Instance
2024-04-01 17:30:34,099 [INFO] [root] instruction: ["I'm sorry, but I'm not sure what you are referring to. Can you please provide more context or information about the instruction and the reflection you are referring to?"], dev_perf: 0.3333333333333333, instruction_score: [[1 0 0]]
2024-04-01 17:30:36,551 [INFO] [root] Starting WebDriver Instance
2024-04-01 17:30:37,315 [INFO] [root] instruction: ['The instruction for reflection was to think about a time when you felt proud of yourself and write down the details of the situation, including your thoughts and feelings, and what you did to achieve your goal.'], dev_perf: 0.3333333333333333, instruction_score: [[0 1 0]]
2024-04-01 17:30:38,699 [INFO] [root] Starting WebDriver Instance
2024-04-01 17:30:39,432 [INFO] [root] instruction: ["I'm sorry, but I'm not sure what you are referring to. Could you please provide more context or information about the instruction you are referring to?"], dev_perf: 0.0, instruction_score: [[0 0 0]]
2024-04-01 17:30:40,540 [INFO] [root] Starting WebDriver Instance
2024-04-01 17:30:41,249 [INFO] [root] instruction: ['The instruction for reflection was to "Write a program that takes a number as input and outputs the number multiplied by 2."'], dev_perf: 0.6666666666666666, instruction_score: [[0 1 1]]
2024-04-01 17:30:42,594 [INFO] [root] Starting WebDriver Instance
2024-04-01 17:30:44,732 [INFO] [root] instruction: ['I\'m sorry, but I\'m not sure what you mean by "instruction for reflection." Could you please provide more context or clarify your question?'], dev_perf: 0.6666666666666666, instruction_score: [[1 0 1]]
2024-04-01 17:32:29,714 [INFO] [root] Starting WebDriver Instance
2024-04-01 17:32:30,500 [INFO] [root] instruction: ['The instruction for reflection was to "think deeply and critically about a particular topic or situation."'], dev_perf: 0.3333333333333333, instruction_score: [[1 0 0]]
2024-04-01 17:32:32,786 [INFO] [root] Starting WebDriver Instance
2024-04-01 17:32:33,511 [INFO] [root] instruction: ['The instruction for reflection was to provide a prompt that would encourage the user to reflect on their experiences, thoughts, and emotions. The prompt was designed to be open-ended and thought-provoking, allowing the user to explore their inner world and gain a deeper understanding of themselves.'], dev_perf: 0.0, instruction_score: [[0 0 0]]
2024-04-01 17:32:34,932 [INFO] [root] Starting WebDriver Instance
2024-04-01 17:32:35,744 [INFO] [root] instruction: ['The instruction for reflection was to provide a prompt or question for the user to reflect on. The user was then asked to provide their thoughts or feelings on the prompt or question.'], dev_perf: 1.0, instruction_score: [[1 1 1]]
2024-04-01 17:32:36,093 [INFO] [root] Starting WebDriver Instance
2024-04-01 17:32:36,794 [INFO] [root] instruction: ['The instruction for reflection was?'], dev_perf: 0.3333333333333333, instruction_score: [[1 0 0]]
2024-04-01 17:32:40,996 [INFO] [root] Starting WebDriver Instance
2024-04-01 17:32:41,710 [INFO] [root] instruction: ["The instruction for reflection is to provide a thoughtful consideration of something, often involving self-examination or evaluation. Reflection involves looking back on an experience, situation, or idea and considering its meaning, implications, or lessons. It can involve introspection, self-assessment, or contemplation of one's own actions or thoughts. Reflection can be a valuable tool for personal growth, learning, and self-improvement."], dev_perf: 0.6666666666666666, instruction_score: [[1 0 1]]
2024-04-01 17:32:42,874 [INFO] [root] Starting WebDriver Instance
2024-04-01 17:32:43,660 [INFO] [root] instruction: ['The instruction for reflection was "Write a program that takes a string as input and prints out the number of vowels in the string."'], dev_perf: 0.6666666666666666, instruction_score: [[1 0 1]]
2024-04-01 17:32:46,791 [INFO] [root] Starting WebDriver Instance
2024-04-01 17:32:47,544 [INFO] [root] instruction: ['The instruction for reflection is to think deeply about something and consider your thoughts, feelings, and experiences related to it. It can involve examining your own beliefs, values, and motivations, as well as considering how others might view the same topic. Reflection can be a valuable tool for personal growth and learning, as it allows you to gain new insights and perspectives on a subject.'], dev_perf: 1.0, instruction_score: [[1 1 1]]
2024-04-01 17:32:48,497 [INFO] [root] Starting WebDriver Instance
2024-04-01 17:32:49,226 [INFO] [root] instruction: ['The instruction for reflection was to look at the input and output and provide a response based on the information given.'], dev_perf: 0.6666666666666666, instruction_score: [[1 0 1]]
2024-04-01 23:23:23,501 [INFO] [root] Starting WebDriver Instance
2024-04-01 23:28:23,551 [WARNING] [selenium.webdriver.common.selenium_manager] There was an error managing chromedriver (request or response body error: operation timed out); using driver found in the cache
2024-04-01 23:28:24,198 [INFO] [root] instruction: ['The instruction for reflection is to take time to think about your thoughts and feelings, and to consider how they may be influencing your behavior and decision-making. Reflection can help you gain insight into your own motivations and biases, and can help you make more informed and intentional choices. It can also help you develop self-awareness and self-compassion, and can promote personal growth and development.'], dev_perf: 1.0, instruction_score: [[1 1 1]]
2024-04-01 23:28:24,932 [INFO] [root] Starting WebDriver Instance
2024-04-01 23:30:05,001 [INFO] [root] instruction: ['The instruction for reflection was "Write a reflection on a topic of your choice."'], dev_perf: 0.0, instruction_score: [[0 0 0]]
2024-04-01 23:30:05,648 [INFO] [root] Starting WebDriver Instance
2024-04-01 23:30:06,353 [INFO] [root] instruction: ['The instruction for reflection is "Reflect on your thoughts and actions."'], dev_perf: 0.6666666666666666, instruction_score: [[0 1 1]]
2024-04-01 23:30:09,439 [INFO] [root] Starting WebDriver Instance
2024-04-01 23:30:10,203 [INFO] [root] instruction: ['The instruction for reflection is to take time to reflect on your thoughts, feelings, and experiences. It can involve self-reflection, where you examine your own thoughts and feelings, or reflection on an event or experience, where you consider how it affected you or others. Reflection can help you gain insight, understand your own biases and assumptions, and improve your decision-making and communication skills.'], dev_perf: 0.3333333333333333, instruction_score: [[0 1 0]]
2024-04-01 23:30:11,789 [INFO] [root] Starting WebDriver Instance
2024-04-01 23:30:12,469 [INFO] [root] instruction: ['The instruction for reflection was not provided.'], dev_perf: 0.3333333333333333, instruction_score: [[1 0 0]]
2024-04-01 23:30:15,744 [INFO] [root] Starting WebDriver Instance
2024-04-01 23:30:16,534 [INFO] [root] instruction: ['The instruction for reflection is to think deeply about something and consider it from different perspectives. It can involve self-examination, self-analysis, and self-evaluation. Reflection can help individuals gain a better understanding of themselves and their actions, and can lead to personal growth and development. It can also be a useful tool for learning and improving skills, as well as for making informed decisions.'], dev_perf: 0.6666666666666666, instruction_score: [[1 1 0]]
2024-04-01 23:30:20,380 [INFO] [root] Starting WebDriver Instance
2024-04-01 23:30:21,086 [INFO] [root] instruction: ['The instruction for reflection is to take a moment to pause and reflect on your thoughts, feelings, and experiences. This can involve self-reflection, where you examine your own thoughts and behaviors, or reflection on an experience, where you consider what you learned from a particular event or situation. Reflection can help you gain insight into your own thoughts and feelings, and can help you make sense of your experiences. It can also help you identify patterns and make connections between different aspects of your life.'], dev_perf: 0.3333333333333333, instruction_score: [[0 1 0]]
2024-04-01 23:30:23,921 [INFO] [root] Starting WebDriver Instance
2024-04-01 23:30:24,670 [INFO] [root] instruction: ["The instruction for reflection is to use the `System.Reflection` class in C#. This class provides methods for retrieving information about an assembly, such as its version number, culture, and public key token. It can also be used to get a list of types defined in the assembly, and to get information about a type's members."], dev_perf: 0.3333333333333333, instruction_score: [[0 0 1]]
